<?xml version="1.0" encoding="UTF-8"?>
<!-- Generated by org.testng.reporters.JUnitXMLReporter -->
<testsuite ignored="0" hostname="DESKTOP-LAA6M61" failures="0" tests="4" name="ChromeBrowserTest" time="85.824" errors="0" timestamp="2022-08-15T00:07:08 IST">
  <testcase classname="com.SauceDemo.TestClasses.TS02VarifyLogoutFunctionalityTestClassJuly31" name="VarifyLogoutFunctionality" time="0.189"/>
  <testcase classname="com.SauceDemo.TestClasses.TS01VarifyLoginFunctionalityTestClassJuly31" name="VarifyLoginFunctionality" time="0.157"/>
  <testcase classname="com.SauceDemo.TestClasses.TS03VarifySingleProductAddToCart" name="VarifySingleProductAddToCart" time="4.128"/>
  <testcase classname="com.SauceDemo.TestClasses.TS04VarifyAllProductAddToCart" name="VarifyAllProductAddToCart" time="5.948"/>
</testsuite> <!-- ChromeBrowserTest -->
