<?xml version="1.0" encoding="UTF-8"?>
<testng-results ignored="0" total="4" passed="4" failed="0" skipped="0">
  <reporter-output>
  </reporter-output>
  <suite started-at="2022-08-15T00:05:42 IST" name="ParallelTestingSuite" finished-at="2022-08-15T00:07:08 IST" duration-ms="85824">
    <groups>
    </groups>
    <test started-at="2022-08-15T00:05:42 IST" name="ChromeBrowserTest" finished-at="2022-08-15T00:07:08 IST" duration-ms="85824">
      <class name="com.SauceDemo.TestClasses.TS02VarifyLogoutFunctionalityTestClassJuly31">
        <test-method is-config="true" signature="setUp(java.lang.String)[pri:0, instance:com.SauceDemo.TestClasses.TS02VarifyLogoutFunctionalityTestClassJuly31@4229bb3f]" started-at="2022-08-15T00:05:42 IST" name="setUp" finished-at="2022-08-15T00:06:42 IST" duration-ms="59509" status="PASS">
          <params>
            <param index="0">
              <value>
                <![CDATA[chrome]]>
              </value>
            </param>
          </params>
          <reporter-output>
          </reporter-output>
        </test-method> <!-- setUp -->
        <test-method is-config="true" signature="login()[pri:0, instance:com.SauceDemo.TestClasses.TS02VarifyLogoutFunctionalityTestClassJuly31@4229bb3f]" started-at="2022-08-15T00:06:42 IST" name="login" finished-at="2022-08-15T00:06:54 IST" duration-ms="12468" status="PASS">
          <reporter-output>
          </reporter-output>
        </test-method> <!-- login -->
        <test-method signature="VarifyLogoutFunctionality()[pri:0, instance:com.SauceDemo.TestClasses.TS02VarifyLogoutFunctionalityTestClassJuly31@4229bb3f]" started-at="2022-08-15T00:06:54 IST" name="VarifyLogoutFunctionality" finished-at="2022-08-15T00:06:54 IST" duration-ms="189" status="PASS">
          <reporter-output>
          </reporter-output>
        </test-method> <!-- VarifyLogoutFunctionality -->
        <test-method is-config="true" signature="logout()[pri:0, instance:com.SauceDemo.TestClasses.TS02VarifyLogoutFunctionalityTestClassJuly31@4229bb3f]" started-at="2022-08-15T00:06:54 IST" name="logout" finished-at="2022-08-15T00:07:02 IST" duration-ms="7554" status="PASS">
          <reporter-output>
          </reporter-output>
        </test-method> <!-- logout -->
        <test-method is-config="true" signature="tearDown()[pri:0, instance:com.SauceDemo.TestClasses.TS02VarifyLogoutFunctionalityTestClassJuly31@4229bb3f]" started-at="2022-08-15T00:07:02 IST" name="tearDown" finished-at="2022-08-15T00:07:03 IST" duration-ms="995" status="PASS">
          <reporter-output>
          </reporter-output>
        </test-method> <!-- tearDown -->
      </class> <!-- com.SauceDemo.TestClasses.TS02VarifyLogoutFunctionalityTestClassJuly31 -->
      <class name="com.SauceDemo.TestClasses.TS03VarifySingleProductAddToCart">
        <test-method is-config="true" signature="setUp(java.lang.String)[pri:0, instance:com.SauceDemo.TestClasses.TS03VarifySingleProductAddToCart@56cdfb3b]" started-at="2022-08-15T00:05:42 IST" name="setUp" finished-at="2022-08-15T00:06:42 IST" duration-ms="59509" status="PASS">
          <params>
            <param index="0">
              <value>
                <![CDATA[chrome]]>
              </value>
            </param>
          </params>
          <reporter-output>
          </reporter-output>
        </test-method> <!-- setUp -->
        <test-method is-config="true" signature="login()[pri:0, instance:com.SauceDemo.TestClasses.TS03VarifySingleProductAddToCart@56cdfb3b]" started-at="2022-08-15T00:06:42 IST" name="login" finished-at="2022-08-15T00:06:54 IST" duration-ms="12475" status="PASS">
          <reporter-output>
          </reporter-output>
        </test-method> <!-- login -->
        <test-method signature="VarifySingleProductAddToCart()[pri:0, instance:com.SauceDemo.TestClasses.TS03VarifySingleProductAddToCart@56cdfb3b]" started-at="2022-08-15T00:06:54 IST" name="VarifySingleProductAddToCart" finished-at="2022-08-15T00:06:58 IST" duration-ms="4128" status="PASS">
          <reporter-output>
          </reporter-output>
        </test-method> <!-- VarifySingleProductAddToCart -->
        <test-method is-config="true" signature="logout()[pri:0, instance:com.SauceDemo.TestClasses.TS03VarifySingleProductAddToCart@56cdfb3b]" started-at="2022-08-15T00:06:58 IST" name="logout" finished-at="2022-08-15T00:07:05 IST" duration-ms="6969" status="PASS">
          <reporter-output>
          </reporter-output>
        </test-method> <!-- logout -->
        <test-method is-config="true" signature="tearDown()[pri:0, instance:com.SauceDemo.TestClasses.TS03VarifySingleProductAddToCart@56cdfb3b]" started-at="2022-08-15T00:07:05 IST" name="tearDown" finished-at="2022-08-15T00:07:06 IST" duration-ms="844" status="PASS">
          <reporter-output>
          </reporter-output>
        </test-method> <!-- tearDown -->
      </class> <!-- com.SauceDemo.TestClasses.TS03VarifySingleProductAddToCart -->
      <class name="com.SauceDemo.TestClasses.TS01VarifyLoginFunctionalityTestClassJuly31">
        <test-method is-config="true" signature="setUp(java.lang.String)[pri:0, instance:com.SauceDemo.TestClasses.TS01VarifyLoginFunctionalityTestClassJuly31@4d0f2471]" started-at="2022-08-15T00:05:42 IST" name="setUp" finished-at="2022-08-15T00:06:42 IST" duration-ms="59509" status="PASS">
          <params>
            <param index="0">
              <value>
                <![CDATA[chrome]]>
              </value>
            </param>
          </params>
          <reporter-output>
          </reporter-output>
        </test-method> <!-- setUp -->
        <test-method is-config="true" signature="login()[pri:0, instance:com.SauceDemo.TestClasses.TS01VarifyLoginFunctionalityTestClassJuly31@4d0f2471]" started-at="2022-08-15T00:06:42 IST" name="login" finished-at="2022-08-15T00:06:54 IST" duration-ms="12595" status="PASS">
          <reporter-output>
          </reporter-output>
        </test-method> <!-- login -->
        <test-method signature="VarifyLoginFunctionality()[pri:0, instance:com.SauceDemo.TestClasses.TS01VarifyLoginFunctionalityTestClassJuly31@4d0f2471]" started-at="2022-08-15T00:06:54 IST" name="VarifyLoginFunctionality" finished-at="2022-08-15T00:06:55 IST" duration-ms="157" status="PASS">
          <reporter-output>
          </reporter-output>
        </test-method> <!-- VarifyLoginFunctionality -->
        <test-method is-config="true" signature="logout()[pri:0, instance:com.SauceDemo.TestClasses.TS01VarifyLoginFunctionalityTestClassJuly31@4d0f2471]" started-at="2022-08-15T00:06:55 IST" name="logout" finished-at="2022-08-15T00:07:02 IST" duration-ms="7370" status="PASS">
          <reporter-output>
          </reporter-output>
        </test-method> <!-- logout -->
        <test-method is-config="true" signature="tearDown()[pri:0, instance:com.SauceDemo.TestClasses.TS01VarifyLoginFunctionalityTestClassJuly31@4d0f2471]" started-at="2022-08-15T00:07:02 IST" name="tearDown" finished-at="2022-08-15T00:07:03 IST" duration-ms="1190" status="PASS">
          <reporter-output>
          </reporter-output>
        </test-method> <!-- tearDown -->
      </class> <!-- com.SauceDemo.TestClasses.TS01VarifyLoginFunctionalityTestClassJuly31 -->
      <class name="com.SauceDemo.TestClasses.TS04VarifyAllProductAddToCart">
        <test-method is-config="true" signature="setUp(java.lang.String)[pri:0, instance:com.SauceDemo.TestClasses.TS04VarifyAllProductAddToCart@2b91004a]" started-at="2022-08-15T00:05:42 IST" name="setUp" finished-at="2022-08-15T00:06:42 IST" duration-ms="59504" status="PASS">
          <params>
            <param index="0">
              <value>
                <![CDATA[chrome]]>
              </value>
            </param>
          </params>
          <reporter-output>
          </reporter-output>
        </test-method> <!-- setUp -->
        <test-method is-config="true" signature="login()[pri:0, instance:com.SauceDemo.TestClasses.TS04VarifyAllProductAddToCart@2b91004a]" started-at="2022-08-15T00:06:42 IST" name="login" finished-at="2022-08-15T00:06:54 IST" duration-ms="12480" status="PASS">
          <reporter-output>
          </reporter-output>
        </test-method> <!-- login -->
        <test-method signature="VarifyAllProductAddToCart()[pri:0, instance:com.SauceDemo.TestClasses.TS04VarifyAllProductAddToCart@2b91004a]" started-at="2022-08-15T00:06:54 IST" name="VarifyAllProductAddToCart" finished-at="2022-08-15T00:07:00 IST" duration-ms="5948" status="PASS">
          <reporter-output>
          </reporter-output>
        </test-method> <!-- VarifyAllProductAddToCart -->
        <test-method is-config="true" signature="logout()[pri:0, instance:com.SauceDemo.TestClasses.TS04VarifyAllProductAddToCart@2b91004a]" started-at="2022-08-15T00:07:00 IST" name="logout" finished-at="2022-08-15T00:07:07 IST" duration-ms="7159" status="PASS">
          <reporter-output>
          </reporter-output>
        </test-method> <!-- logout -->
        <test-method is-config="true" signature="tearDown()[pri:0, instance:com.SauceDemo.TestClasses.TS04VarifyAllProductAddToCart@2b91004a]" started-at="2022-08-15T00:07:07 IST" name="tearDown" finished-at="2022-08-15T00:07:08 IST" duration-ms="387" status="PASS">
          <reporter-output>
          </reporter-output>
        </test-method> <!-- tearDown -->
      </class> <!-- com.SauceDemo.TestClasses.TS04VarifyAllProductAddToCart -->
    </test> <!-- ChromeBrowserTest -->
  </suite> <!-- ParallelTestingSuite -->
</testng-results>
